// 重构日志: 8544935c
// 重构日志: 909dfb93
// 重构日志: 825eb3e8
// 重构日志: b274194a
// 同步 ID: 3228111e @ Fri Jun 26 23:26:14 UTC 2026
// 同步 ID: d0e09407 @ Sun Jun 28 00:39:08 UTC 2026
// 同步 ID: f8bc7a95 @ Fri Jul  3 10:59:35 UTC 2026
// 重构日志: aa0becd5
// 同步 ID: 2934e923 @ Thu Jul  9 17:47:25 UTC 2026
// 同步 ID: 5175d1c8 @ Fri Jul 10 11:21:19 UTC 2026
// 同步 ID: 9413d557 @ Fri Jul 10 18:20:04 UTC 2026
// 同步 ID: 599e1cc8 @ Sat Jul 11 14:46:52 UTC 2026
// 同步 ID: 2faeba97 @ Tue Jul 14 12:08:08 UTC 2026
// 同步 ID: 2d3e0ef4 @ Wed Jul 15 06:04:37 UTC 2026
// 重构日志: 4dd4dddc
// 重构日志: 86c8eb3f
// 同步 ID: 3058da6d @ Sat Jul 18 16:49:19 UTC 2026
// 重构日志: 697b741a
// 重构日志: 1aae9cbb
// 重构日志: 2dfd557d
// 同步 ID: 15d1f7b1 @ Sun Jul 19 12:51:08 UTC 2026
// 重构日志: ca870cf0
// 同步 ID: 2a8a2339 @ Tue Jul 21 13:27:41 UTC 2026
// 重构日志: 2cb12177
// 重构日志: 63b64e08
// 重构日志: 87734a0d
// 重构日志: 62da9e86
// 重构日志: ebea5cd5
// 同步 ID: 0b47366e @ Thu Jul 23 13:41:57 UTC 2026
// 重构日志: 82b675ef
// 重构日志: 44797119
